[    0.000000] Initializing cgroup subsys cpuset
[    0.000000] Initializing cgroup subsys cpu
[    0.000000] Initializing cgroup subsys cpuacct
[    0.000000] Linux version 4.4.0-146-generic (buildd@lcy01-amd64-025) (gcc version 5.4.0 20160609 (Ubuntu 5.4.0-6ubuntu1~16.04.10) ) #172-Ubuntu SMP Wed Apr 3 09:00:08 UTC 2019 (Ubuntu 4.4.0-146.172-generic 4.4.177)
[    0.000000] Command line: BOOT_IMAGE=/boot/vmlinuz-4.4.0-146-generic root=LABEL=cloudimg-rootfs ro console=tty1 console=ttyS0
[    0.000000] KERNEL supported cpus:
[    0.000000]   Intel GenuineIntel
[    0.000000]   AMD AuthenticAMD
[    0.000000]   Centaur CentaurHauls
[    0.000000] x86/fpu: xstate_offset[2]:  576, xstate_sizes[2]:  256
[    0.000000] x86/fpu: Supporting XSAVE feature 0x01: 'x87 floating point registers'
[    0.000000] x86/fpu: Supporting XSAVE feature 0x02: 'SSE registers'
[    0.000000] x86/fpu: Supporting XSAVE feature 0x04: 'AVX registers'
[    0.000000] x86/fpu: Enabled xstate features 0x7, context size is 832 bytes, using 'standard' format.
[    0.000000] e820: BIOS-provided physical RAM map:
[    0.000000] BIOS-e820: [mem 0x0000000000000000-0x000000000009fbff] usable
[    0.000000] BIOS-e820: [mem 0x000000000009fc00-0x000000000009ffff] reserved
[    0.000000] BIOS-e820: [mem 0x00000000000f0000-0x00000000000fffff] reserved
[    0.000000] BIOS-e820: [mem 0x0000000000100000-0x000000003ffeffff] usable
[    0.000000] BIOS-e820: [mem 0x000000003fff0000-0x000000003fffffff] ACPI data
[    0.000000] BIOS-e820: [mem 0x00000000fec00000-0x00000000fec00fff] reserved
[    0.000000] BIOS-e820: [mem 0x00000000fee00000-0x00000000fee00fff] reserved
[    0.000000] BIOS-e820: [mem 0x00000000fffc0000-0x00000000ffffffff] reserved
[    0.000000] NX (Execute Disable) protection: active
[    0.000000] SMBIOS 2.5 present.
[    0.000000] Hypervisor detected: KVM
[    0.000000] e820: last_pfn = 0x3fff0 max_arch_pfn = 0x400000000
[    0.000000] MTRR: Disabled
[    0.000000] x86/PAT: MTRRs disabled, skipping PAT initialization too.
[    0.000000] CPU MTRRs all blank - virtualized system.
[    0.000000] x86/PAT: Configuration [0-7]: WB  WT  UC- UC  WB  WT  UC- UC  
[    0.000000] found SMP MP-table at [mem 0x0009fff0-0x0009ffff] mapped at [ffff88000009fff0]
[    0.000000] Scanning 1 areas for low memory corruption
[    0.000000] RAMDISK: [mem 0x362fa000-0x37174fff]
[    0.000000] ACPI: Early table checksum verification disabled
[    0.000000] ACPI: RSDP 0x00000000000E0000 000024 (v02 VBOX  )
[    0.000000] ACPI: XSDT 0x000000003FFF0030 00003C (v01 VBOX   VBOXXSDT 00000001 ASL  00000061)
[    0.000000] ACPI: FACP 0x000000003FFF00F0 0000F4 (v04 VBOX   VBOXFACP 00000001 ASL  00000061)
[    0.000000] ACPI: DSDT 0x000000003FFF0470 0022EA (v02 VBOX   VBOXBIOS 00000002 INTL 20100528)
[    0.000000] ACPI: FACS 0x000000003FFF0200 000040
[    0.000000] ACPI: FACS 0x000000003FFF0200 000040
[    0.000000] ACPI: APIC 0x000000003FFF0240 000054 (v02 VBOX   VBOXAPIC 00000001 ASL  00000061)
[    0.000000] ACPI: SSDT 0x000000003FFF02A0 0001CC (v01 VBOX   VBOXCPUT 00000002 INTL 20100528)
[    0.000000] No NUMA configuration found
[    0.000000] Faking a node at [mem 0x0000000000000000-0x000000003ffeffff]
[    0.000000] NODE_DATA(0) allocated [mem 0x3ffeb000-0x3ffeffff]
[    0.000000] kvm-clock: Using msrs 4b564d01 and 4b564d00
[    0.000000] kvm-clock: cpu 0, msr 0:3ffe3001, primary cpu clock
[    0.000000] kvm-clock: using sched offset of 3569791640 cycles
[    0.000000] clocksource: kvm-clock: mask: 0xffffffffffffffff max_cycles: 0x1cd42e4dffb, max_idle_ns: 881590591483 ns
[    0.000000] Zone ranges:
[    0.000000]   DMA      [mem 0x0000000000001000-0x0000000000ffffff]
[    0.000000]   DMA32    [mem 0x0000000001000000-0x000000003ffeffff]
[    0.000000]   Normal   empty
[    0.000000]   Device   empty
[    0.000000] Movable zone start for each node
[    0.000000] Early memory node ranges
[    0.000000]   node   0: [mem 0x0000000000001000-0x000000000009efff]
[    0.000000]   node   0: [mem 0x0000000000100000-0x000000003ffeffff]
[    0.000000] Initmem setup node 0 [mem 0x0000000000001000-0x000000003ffeffff]
[    0.000000] ACPI: PM-Timer IO Port: 0x4008
[    0.000000] IOAPIC[0]: apic_id 1, version 32, address 0xfec00000, GSI 0-23
[    0.000000] ACPI: INT_SRC_OVR (bus 0 bus_irq 0 global_irq 2 dfl dfl)
[    0.000000] ACPI: INT_SRC_OVR (bus 0 bus_irq 9 global_irq 9 low level)
[    0.000000] Using ACPI (MADT) for SMP configuration information
[    0.000000] smpboot: Allowing 1 CPUs, 0 hotplug CPUs
[    0.000000] PM: Registered nosave memory: [mem 0x00000000-0x00000fff]
[    0.000000] PM: Registered nosave memory: [mem 0x0009f000-0x0009ffff]
[    0.000000] PM: Registered nosave memory: [mem 0x000a0000-0x000effff]
[    0.000000] PM: Registered nosave memory: [mem 0x000f0000-0x000fffff]
[    0.000000] e820: [mem 0x40000000-0xfebfffff] available for PCI devices
[    0.000000] Booting paravirtualized kernel on KVM
[    0.000000] clocksource: refined-jiffies: mask: 0xffffffff max_cycles: 0xffffffff, max_idle_ns: 7645519600211568 ns
[    0.000000] setup_percpu: NR_CPUS:512 nr_cpumask_bits:512 nr_cpu_ids:1 nr_node_ids:1
[    0.000000] PERCPU: Embedded 34 pages/cpu @ffff88003fc00000 s99480 r8192 d31592 u2097152
[    0.000000] Built 1 zonelists in Node order, mobility grouping on.  Total pages: 257912
[    0.000000] Policy zone: DMA32
[    0.000000] Kernel command line: BOOT_IMAGE=/boot/vmlinuz-4.4.0-146-generic root=LABEL=cloudimg-rootfs ro console=tty1 console=ttyS0
[    0.000000] PID hash table entries: 4096 (order: 3, 32768 bytes)
[    0.000000] Memory: 997868K/1048120K available (8609K kernel code, 1334K rwdata, 4028K rodata, 1484K init, 1284K bss, 50252K reserved, 0K cma-reserved)
[    0.000000] SLUB: HWalign=64, Order=0-3, MinObjects=0, CPUs=1, Nodes=1
[    0.000000] Kernel/User page tables isolation: enabled
[    0.000000] Hierarchical RCU implementation.
[    0.000000] 	Build-time adjustment of leaf fanout to 64.
[    0.000000] 	RCU restricting CPUs from NR_CPUS=512 to nr_cpu_ids=1.
[    0.000000] RCU: Adjusting geometry for rcu_fanout_leaf=64, nr_cpu_ids=1
[    0.000000] NR_IRQS:33024 nr_irqs:256 16
[    0.000000] Console: colour VGA+ 80x25
[    0.000000] console [tty1] enabled
[    0.000000] console [ttyS0] enabled
[    0.000000] tsc: Detected 2712.000 MHz processor
[    0.157341] Calibrating delay loop (skipped) preset value.. 5424.00 BogoMIPS (lpj=10848000)
[    0.159340] pid_max: default: 32768 minimum: 301
[    0.160431] ACPI: Core revision 20150930
[    0.162042] ACPI: 2 ACPI AML tables successfully acquired and loaded
[    0.163501] Security Framework initialized
[    0.164752] Yama: becoming mindful.
[    0.165634] AppArmor: AppArmor initialized
[    0.166624] Dentry cache hash table entries: 131072 (order: 8, 1048576 bytes)
[    0.170370] Inode-cache hash table entries: 65536 (order: 7, 524288 bytes)
[    0.171987] Mount-cache hash table entries: 2048 (order: 2, 16384 bytes)
[    0.173710] Mountpoint-cache hash table entries: 2048 (order: 2, 16384 bytes)
[    0.175542] Initializing cgroup subsys io
[    0.176616] Initializing cgroup subsys memory
[    0.177780] Initializing cgroup subsys devices
[    0.178850] Initializing cgroup subsys freezer
[    0.180387] Initializing cgroup subsys net_cls
[    0.181380] Initializing cgroup subsys perf_event
[    0.182482] Initializing cgroup subsys net_prio
[    0.183665] Initializing cgroup subsys hugetlb
[    0.185304] Initializing cgroup subsys pids
[    0.187289] mce: CPU supports 0 MCE banks
[    0.188228] process: using mwait in idle threads
[    0.189443] Last level iTLB entries: 4KB 64, 2MB 8, 4MB 8
[    0.190695] Last level dTLB entries: 4KB 64, 2MB 0, 4MB 0, 1GB 4
[    0.192012] Spectre V2 : Mitigation: Full generic retpoline
[    0.193288] Spectre V2 : Spectre v2 / SpectreRSB mitigation: Filling RSB on context switch
[    0.195481] Speculative Store Bypass: Vulnerable
[    0.216650] Freeing SMP alternatives memory: 36K
[    0.222589] ftrace: allocating 32287 entries in 127 pages
[    0.272643] smpboot: APIC(0) Converting physical 0 to logical package 0
[    0.274552] smpboot: Max logical packages: 1
[    0.276177] x2apic enabled
[    0.277041] Switched APIC routing to physical x2apic.
[    0.279005] ..TIMER: vector=0x30 apic1=0 pin1=2 apic2=-1 pin2=-1
[    0.384479] smpboot: CPU0: Intel(R) Core(TM) i7-8559U CPU @ 2.70GHz (family: 0x6, model: 0x8e, stepping: 0xa)
[    0.387675] Performance Events: unsupported p6 CPU model 142 no PMU driver, software events only.
[    0.398088] KVM setup paravirtual spinlock
[    0.399712] x86: Booted up 1 node, 1 CPUs
[    0.400896] smpboot: Total of 1 processors activated (5424.00 BogoMIPS)
[    0.402583] devtmpfs: initialized
[    0.404674] evm: security.selinux
[    0.405615] evm: security.SMACK64
[    0.406417] evm: security.SMACK64EXEC
[    0.407598] evm: security.SMACK64TRANSMUTE
[    0.408868] evm: security.SMACK64MMAP
[    0.409753] evm: security.ima
[    0.410573] evm: security.capability
[    0.411608] clocksource: jiffies: mask: 0xffffffff max_cycles: 0xffffffff, max_idle_ns: 7645041785100000 ns
[    0.413965] futex hash table entries: 256 (order: 2, 16384 bytes)
[    0.415554] pinctrl core: initialized pinctrl subsystem
[    0.416848] RTC time: 17:28:01, date: 05/02/19
[    0.417963] NET: Registered protocol family 16
[    0.419346] cpuidle: using governor ladder
[    0.420400] cpuidle: using governor menu
[    0.421334] PCCT header not found.
[    0.422200] ACPI: bus type PCI registered
[    0.423139] acpiphp: ACPI Hot Plug PCI Controller Driver version: 0.5
[    0.424994] PCI: Using configuration type 1 for base access
[    0.427360] ACPI: Added _OSI(Module Device)
[    0.428434] ACPI: Added _OSI(Processor Device)
[    0.429510] ACPI: Added _OSI(3.0 _SCP Extensions)
[    0.430678] ACPI: Added _OSI(Processor Aggregator Device)
[    0.432896] ACPI: Executed 1 blocks of module-level executable AML code
[    0.436057] ACPI: Interpreter enabled
[    0.436989] ACPI: (supports S0 S5)
[    0.437842] ACPI: Using IOAPIC for interrupt routing
[    0.439085] PCI: Using host bridge windows from ACPI; if necessary, use "pci=nocrs" and report a bug
[    0.444933] ACPI: PCI Root Bridge [PCI0] (domain 0000 [bus 00-ff])
[    0.446304] acpi PNP0A03:00: _OSC: OS supports [ASPM ClockPM Segments MSI]
[    0.448034] acpi PNP0A03:00: _OSC: not requesting OS control; OS requires [ExtendedConfig ASPM ClockPM MSI]
[    0.450627] acpi PNP0A03:00: fail to add MMCONFIG information, can't access extended PCI configuration space under this bridge.
[    0.453795] PCI host bridge to bus 0000:00
[    0.454763] pci_bus 0000:00: root bus resource [io  0x0000-0x0cf7 window]
[    0.456363] pci_bus 0000:00: root bus resource [io  0x0d00-0xffff window]
[    0.457878] pci_bus 0000:00: root bus resource [mem 0x000a0000-0x000bffff window]
[    0.459604] pci_bus 0000:00: root bus resource [mem 0x40000000-0xfdffffff window]
[    0.461406] pci_bus 0000:00: root bus resource [bus 00-ff]
[    0.465546] pci 0000:00:01.1: legacy IDE quirk: reg 0x10: [io  0x01f0-0x01f7]
[    0.467632] pci 0000:00:01.1: legacy IDE quirk: reg 0x14: [io  0x03f6]
[    0.469112] pci 0000:00:01.1: legacy IDE quirk: reg 0x18: [io  0x0170-0x0177]
[    0.470656] pci 0000:00:01.1: legacy IDE quirk: reg 0x1c: [io  0x0376]
[    0.483606] pci 0000:00:07.0: quirk: [io  0x4000-0x403f] claimed by PIIX4 ACPI
[    0.486372] pci 0000:00:07.0: quirk: [io  0x4100-0x410f] claimed by PIIX4 SMB
[    0.495574] ACPI: PCI Interrupt Link [LNKA] (IRQs 5 9 10 *11)
[    0.504107] ACPI: PCI Interrupt Link [LNKB] (IRQs 5 9 *10 11)
[    0.506672] ACPI: PCI Interrupt Link [LNKC] (IRQs 5 *9 10 11)
[    0.508287] ACPI: PCI Interrupt Link [LNKD] (IRQs 5 9 10 *11)
[    0.510325] ACPI: Enabled 2 GPEs in block 00 to 07
[    0.511664] vgaarb: setting as boot device: PCI:0000:00:02.0
[    0.512933] vgaarb: device added: PCI:0000:00:02.0,decodes=io+mem,owns=io+mem,locks=none
[    0.514955] vgaarb: loaded
[    0.515756] vgaarb: bridge control possible 0000:00:02.0
[    0.517291] SCSI subsystem initialized
[    0.518251] ACPI: bus type USB registered
[    0.519289] usbcore: registered new interface driver usbfs
[    0.520669] usbcore: registered new interface driver hub
[    0.521868] usbcore: registered new device driver usb
[    0.523179] PCI: Using ACPI for IRQ routing
[    0.524575] NetLabel: Initializing
[    0.525541] NetLabel:  domain hash size = 128
[    0.526562] NetLabel:  protocols = UNLABELED CIPSOv4
[    0.527685] NetLabel:  unlabeled traffic allowed by default
[    0.528992] amd_nb: Cannot enumerate AMD northbridges
[    0.530175] clocksource: Switched to clocksource kvm-clock
[    0.537957] AppArmor: AppArmor Filesystem Enabled
[    0.539477] pnp: PnP ACPI init
[    0.541338] pnp: PnP ACPI: found 3 devices
[    0.548944] clocksource: acpi_pm: mask: 0xffffff max_cycles: 0xffffff, max_idle_ns: 2085701024 ns
[    0.551441] NET: Registered protocol family 2
[    0.552586] TCP established hash table entries: 8192 (order: 4, 65536 bytes)
[    0.554504] TCP bind hash table entries: 8192 (order: 5, 131072 bytes)
[    0.556014] TCP: Hash tables configured (established 8192 bind 8192)
[    0.557739] UDP hash table entries: 512 (order: 2, 16384 bytes)
[    0.559171] UDP-Lite hash table entries: 512 (order: 2, 16384 bytes)
[    0.560566] NET: Registered protocol family 1
[    0.561572] pci 0000:00:00.0: Limiting direct PCI/PCI transfers
[    0.563271] pci 0000:00:01.0: Activating ISA DMA hang workarounds
[    0.565217] Unpacking initramfs...
[    0.742390] Freeing initrd memory: 14828K
[    0.743882] platform rtc_cmos: registered platform RTC device (no PNP device found)
[    0.746239] Scanning for low memory corruption every 60 seconds
[    0.747761] audit: initializing netlink subsys (disabled)
[    0.749117] audit: type=2000 audit(1556818087.426:1): initialized
[    0.750708] Initialise system trusted keyring
[    0.751762] HugeTLB registered 2 MB page size, pre-allocated 0 pages
[    0.757175] zbud: loaded
[    0.758550] VFS: Disk quotas dquot_6.6.0
[    0.760051] VFS: Dquot-cache hash table entries: 512 (order 0, 4096 bytes)
[    0.761691] squashfs: version 4.0 (2009/01/31) Phillip Lougher
[    0.763298] fuse init (API version 7.23)
[    0.764345] Key type big_key registered
[    0.765368] Allocating IMA MOK and blacklist keyrings.
[    0.766803] Key type asymmetric registered
[    0.767793] Asymmetric key parser 'x509' registered
[    0.768926] Block layer SCSI generic (bsg) driver version 0.4 loaded (major 249)
[    0.770779] io scheduler noop registered
[    0.771679] io scheduler deadline registered (default)
[    0.772820] io scheduler cfq registered
[    0.773767] pci_hotplug: PCI Hot Plug PCI Core version: 0.5
[    0.775764] pciehp: PCI Express Hot Plug Controller Driver version: 0.4
[    0.778216] ACPI: AC Adapter [AC] (on-line)
[    0.779320] input: Power Button as /devices/LNXSYSTM:00/LNXPWRBN:00/input/input0
[    0.781088] ACPI: Power Button [PWRF]
[    0.782103] input: Sleep Button as /devices/LNXSYSTM:00/LNXSLPBN:00/input/input1
[    0.783854] ACPI: Sleep Button [SLPF]
[    0.785992] ACPI: Battery Slot [BAT0] (battery present)
[    0.787796] GHES: HEST is not enabled!
[    0.788770] Serial: 8250/16550 driver, 32 ports, IRQ sharing enabled
[    0.810767] 00:02: ttyS0 atI/O 0x3f8 (irq = 4, base_baud = 15200) is a 16550A
[    0.814797] Linux agpgart interface v0.103
[    0.816486] loop: module loaded
[    0.817663] scsi host0: ata_piix
[    0.818604] scsi host1: ata_piix
[    0.819449] ata1: PATA max UDMA/33 cmd 0x1f0 ctl 0x3f6 bmdma 0xd000 irq 14
[    0.820945] ata2: PATA max UDMA/33 cmd 0x170 ctl 0x376 bmdma 0xd008 irq 15
[    0.823085] libphy: Fixed MDIO Bus: probed
[    0.824055] tun: Universal TUN/TAP device driver, 1.6
[    0.825226] tun: (C) 1999-2004 Max Krasnyansky <maxk@qualcomm.com>
[    0.827301] PPP generic driver version 2.4.2
[    0.828316] ehci_hcd: USB 2.0 'Enhanced' Host Controller (EHCI) Driver
[    0.829758] ehci-pci: EHCI PCI platform driver
[    0.830950] ehci-platform: EHCI generic platform driver
[    0.832107] ohci_hcd: USB 1.1 'Open' Host Controller (OHCI) Driver
[    0.833432] ohci-pci: OHCI PCI platform driver
[    0.834594] ohci-platform: OHCI generic platform driver
[    0.836232] uhci_hcd: USB Universal Host Controller Interface driver
[    0.837624] i8042: PNP: PS/2 Controller [PNP0303:PS2K,PNP0f03:PS2M] at 0x60,0x64 irq 1,12
[    0.840126] serio: i8042 KBD port at 0x60,0x64 irq 1
[    0.841273] serio: i8042 AUX port at 0x60,0x64 irq 12
[    0.842587] mousedev: PS/2 mouse device common for all mice
[    0.844366] input: AT Translated Set 2 keyboard as /devices/platform/i8042/serio0/input/input2
[    0.847607] rtc_cmos rtc_cmos: rtc core: registered rtc_cmos as rtc0
[    0.849060] rtc_cmos rtc_cmos: alarms up to one day, 114 bytes nvram
[    0.851080] i2c /dev entries driver
[    0.852113] device-mapper: uevent: version 1.0.3
[    0.853238] device-mapper: ioctl: 4.34.0-ioctl (2015-10-28) initialised: dm-devel@redhat.com
[    0.855338] ledtrig-cpu: registered to indicate activity on CPUs
[    0.856868] NET: Registered protocol family 10
[    0.858040] NET: Registered protocol family 17
[    0.859098] Key type dns_resolver registered
[    0.860235] registered taskstats version 1
[    0.861245] Loading compiled-in X.509 certificates
[    0.862765] Loaded X.509 cert 'Build time autogenerated kernel key: 4dcb2dc2c7cf43e0c20c44384f68683c20294489'
[    0.865109] zswap: loaded using pool lzo/zbud
[    0.867285] Key type trusted registered
[    0.870065] Key type encrypted registered
[    0.871302] AppArmor: AppArmor sha1 policy hashing enabled
[    0.872647] ima: No TPM chip found, activating TPM-bypass!
[    0.873880] ima: Allocated hash algorithm: sha1
[    0.874990] evm: HMAC attrs: 0x1
[    0.876139]   Magic number: 3:871:490
[    0.877164] rtc_cmos rtc_cmos: setting system clock to 2019-05-02 17:28:02 UTC (1556818082)
[    0.879395] BIOS EDD facility v0.16 2004-Jun-25, 0 devices found
[    0.881182] EDD information not available.
[    0.979065] Freeing unused kernel memory: 1484K
[    0.980297] Write protecting the kernel read-only data: 14336k
[    0.981979] Freeing unused kernel memory: 1620K
[    0.983345] Freeing unused kernel memory: 68K
Loading, please wait...
starting version 229
[    0.994782] random: systemd-udevd: uninitialized urandom read (16 bytes read, 3 bits of entropy available)
[    0.997119] random: systemd-udevd: uninitialized urandom read (16 bytes read, 3 bits of entropy available)
[    0.999441] random: udevadm: uninitialized urandom read (16 bytes read, 3 bits of entropy available)
[    1.001552] random: udevadm: uninitialized urandom read (16 bytes read, 3 bits of entropy available)
[    1.003789] random: systemd-udevd: uninitialized urandom read (16 bytes read, 3 bits of entropy available)
[    1.006408] random: systemd-udevd: uninitialized urandom read (16 bytes read, 3 bits of entropy available)
[    1.013760] random: systemd-udevd: uninitialized urandom read (16 bytes read, 3 bits of entropy available)
[    1.017672] random: udevadm: uninitialized urandom read (16 bytes read, 3 bits of entropy available)
[    1.019974] random: systemd-udevd: uninitialized urandom read (16 bytes read, 3 bits of entropy available)
[    1.022228] random: systemd-udevd: uninitialized urandom read (16 bytes read, 3 bits of entropy available)
[    1.065758] e1000: Intel(R) PRO/1000 Network Driver - version 7.3.21-k8-NAPI
[    1.067797] e1000: Copyright (c) 1999-2006 Intel Corporation.
[    1.072215] Fusion MPT base driver 3.04.20
[    1.073170] Copyright (c) 1999-2008 LSI Corporation
[    1.085668] Fusion MPT SPI Host driver 3.04.20
[    1.103451] AVX2 version of gcm_enc/dec engaged.
[    1.105024] AES CTR mode by8 optimization enabled
[    1.288014] input: ImExPS/2 Generic Explorer Mouse as /devices/platform/i8042/serio1/input/input4
[    1.493302] e1000 0000:00:03.0 eth0: (PCI:33MHz:32-bit) 02:6d:cd:79:6e:19
[    1.495404] e1000 0000:00:03.0 eth0: Intel(R) PRO/1000 Network Connection
[    1.497395] mptbase: ioc0: Initiating bringup
[    1.563652] ioc0: LSI53C1030 A0: Capabilities={Initiator}
[    1.727138] scsi host2: ioc0: LSI53C1030 A0, FwRev=00000000h, Ports=1, MaxQ=256, IRQ=20
[    1.742544] tsc: Refined TSC clocksource calibration: 2712.839 MHz
[    1.744447] clocksource: tsc: mask: 0xffffffffffffffff max_cycles: 0x271a9edf422, max_idle_ns: 440795254073 ns
[    1.844970] scsi 2:0:0:0: Direct-Access     VBOX     HARDDISK         1.0  PQ: 0 ANSI: 5
[    1.847763] scsi target2:0:0: Beginning Domain Validation
[    1.850396] scsi target2:0:0: Domain Validation skipping write tests
[    1.852058] scsi target2:0:0: Ending Domain Validation
[    1.853549] scsi target2:0:0: asynchronous
[    1.855064] scsi 2:0:1:0: Direct-Access     VBOX     HARDDISK         1.0  PQ: 0 ANSI: 5
[    1.857390] scsi target2:0:1: Beginning Domain Validation
[    1.859657] scsi target2:0:1: Domain Validation skipping write tests
[    1.861136] scsi target2:0:1: Ending Domain Validation
[    1.862433] scsi target2:0:1: asynchronous
[    1.865711] sd 2:0:0:0: Attached scsi generic sg0 type 0
[    1.867274] sd 2:0:0:0: [sda] 20971520 512-byte logical blocks: (10.7 GB/10.0 GiB)
[    1.869542] sd 2:0:1:0: [sdb] 20480 512-byte logical blocks: (10.5 MB/10.0 MiB)
[    1.882608] sd 2:0:1:0: Attached scsi generic sg1 type 0
[    1.884376] sd 2:0:0:0: [sda] Write Protect is off
[    1.885701] sd 2:0:0:0: [sda] Incomplete mode parameter data
[    1.887001] sd 2:0:0:0: [sda] Assuming drive cache: write through
[    1.903539] sd 2:0:1:0: [sdb] Write Protect is off
[    1.905121]  sda: sda1
[    1.906400] sd 2:0:1:0: [sdb] Incomplete mode parameter data
[    1.907653] sd 2:0:1:0: [sdb] Assuming drive cache: write through
[    1.914279] sd 2:0:0:0: [sda] Attached SCSI disk
[    1.945493] sd 2:0:1:0: [sdb] Attached SCSI disk
[    2.281639] e1000 0000:00:08.0 eth1: (PCI:33MHz:32-bit) 08:00:27:a2:51:5f
[    2.283860] e1000 0000:00:08.0 eth1: Intel(R) PRO/1000 Network Connection
[    2.286387] e1000 0000:00:08.0 enp0s8: renamed from eth1
[    2.289067] e1000 0000:00:03.0 enp0s3: renamed from eth0
Begin: Loading essential drivers ... [    3.524690] md: linear personality registered for level -1
[    3.528837] md: multipath personality registered for level -4
[    3.532505] md: raid0 personality registered for level 0
[    3.536442] md: raid1 personality registered for level 1
[    3.606475] raid6: sse2x1   gen() 12656 MB/s
[    3.674561] raid6: sse2x1   xor()  9339 MB/s
[    3.743493] raid6: sse2x2   gen() 17184 MB/s
[    3.814272] raid6: sse2x2   xor() 12318 MB/s
[    3.886193] raid6: sse2x4   gen() 16086 MB/s
[    3.954493] raid6: sse2x4   xor()  6878 MB/s
[    4.022227] raid6: avx2x1   gen() 18434 MB/s
[    4.090212] raid6: avx2x2   gen() 29321 MB/s
[    4.158616] raid6: avx2x4   gen() 33400 MB/s
[    4.160035] raid6: using algorithm avx2x4 gen() 33400 MB/s
[    4.161633] raid6: using avx2x2 recovery algorithm
[    4.164372] xor: automatically using best checksumming function:
[    4.202681]    avx       : 37249.000 MB/sec
[    4.206630] async_tx: api initialized (async)
[    4.217515] md: raid6 personality registered for level 6
[    4.219022] md: raid5 personality registered for level 5
[    4.220734] md: raid4 personality registered for level 4
[    4.226501] md: raid10 personality registered for level 10
done.
Begin: Running /scripts/init-premount ... done.
Begin: Mounting root file system ... Begin: Running /scripts/local-top ... done.
Begin: Running /scripts/local-premount ... [    4.254982] Btrfs loaded
Scanning for Btrfs filesystems
done.
Warning: fsck not present, so skipping root file system
[    4.277960] EXT4-fs (sda1): mounted filesystem with ordered data mode. Opts: (null)
done.
Begin: Running /scripts/local-bottom ... done.
Begin: Running /scripts/init-bottom ... done.
[    4.352986] systemd[1]: systemd 229 running in system mode. (+PAM +AUDIT +SELINUX +IMA +APPARMOR +SMACK +SYSVINIT +UTMP +LIBCRYPTSETUP +GCRYPT +GNUTLS +ACL +XZ -LZ4 +SECCOMP +BLKID +ELFUTILS +KMOD -IDN)
[    4.357217] systemd[1]: Detected virtualization oracle.
[    4.358582] systemd[1]: Detected architecture x86-64.

Welcome to [1mUbuntu 16.04.6 LTS[0m!

[    4.363552] systemd[1]: Set hostname to <ubuntu>.
[    4.368245] systemd[1]: Initializing machine ID from random generator.
[    4.370178] systemd[1]: Installed transient /etc/machine-id file.
[    4.462742] systemd[1]: Reached target System Time Synchronized.
[[0;32m  OK  [0m] Reached target System Time Synchronized.
[    4.465862] systemd[1]: Created slice System Slice.
[[0;32m  OK  [0m] Created slice System Slice.
[    4.468179] systemd[1]: Reached target Encrypted Volumes.
[[0;32m  OK  [0m] Reached target Encrypted Volumes.
[    4.470602] systemd[1]: Reached target User and Group Name Lookups.
[[0;32m  OK  [0m] Reached target User and Group Name Lookups.
[    4.473801] systemd[1]: Listening on Device-mapper event daemon FIFOs.
[[0;32m  OK  [0m] Listening on Device-mapper event daemon FIFOs.
[    4.477398] systemd[1]: Set up automount Arbitrary Executable File Formats File System Automount Point.
[[0;32m  OK  [0m] Set up automount Arbitrary Executab...ats File System Automount Point.
[    4.481329] systemd[1]: Listening on /dev/initctl Compatibility Named Pipe.
[[0;32m  OK  [0m] Listening on /dev/initctl Compatibility Named Pipe.
[    4.484921] systemd[1]: Reached target Swap.
[[0;32m  OK  [0m] Reached target Swap.
[    4.487184] systemd[1]: Listening on udev Control Socket.
[[0;32m  OK  [0m] Listening on udev Control Socket.
[    4.489676] systemd[1]: Started Forward Password Requests to Wall Directory Watch.
[[0;32m  OK  [0m] Started Forward Password Requests to Wall Directory Watch.
[    4.493193] systemd[1]: Listening on Journal Audit Socket.
[[0;32m  OK  [0m] Listening on Journal Audit Socket.
[    4.496112] systemd[1]: Listening on Journal Socket (/dev/log).
[[0;32m  OK  [0m] Listening on Journal Socket (/dev/log).
[    4.498985] systemd[1]: Created slice system-serial\x2dgetty.slice.
[[0;32m  OK  [0m] Created slice system-serial\x2dgetty.slice.
[    4.501785] systemd[1]: Listening on Journal Socket.
[[0;32m  OK  [0m] Listening on Journal Socket.
[    4.505465] systemd[1]: Mounting Debug File System...
         Mounting Debug File System...
[    4.508150] systemd[1]: Starting Uncomplicated firewall...
         Starting Uncomplicated firewall...
[    4.513371] systemd[1]: Starting Remount Root and Kernel File Systems...
         [    4.517895] EXT4-fs (sda1): re-mounted. Opts: (null)
Starting Remount Root and Kernel File Systems...
[    4.521113] systemd[1]: Mounting POSIX Message Queue File System...
         Mounting POSIX Message Queue File System...
[    4.528608] systemd[1]: Starting Set console keymap...
         Starting Set console keymap...
[    4.533295] systemd[1]: Listening on LVM2 poll daemon socket.
[[0;32m  OK  [0m] Listening on LVM2 poll daemon socket.
[    4.542574] systemd[1]: Mounting Huge Pages File System...
         Mounting Huge Pages File System...
[    4.550485] systemd[1]: Listening on LVM2 metadata daemon socket.
[[0;32m  OK  [0m] Listening on LVM2 metadata daemon socket.
[    4.559052] systemd[1]: Starting Monitoring of LVM2 mirrors, snapshots etc. using dmeventd or progress polling...
         Starting Monitoring of LVM2 mirrors... dmeventd or progress polling...
[    4.565635] systemd[1]: Starting Load Kernel Modules...
         Starting Load Kernel Modules...
[    4.569999] systemd[1]: Starting Create list of required static device nodes for the current kernel...
         Starting Create list of required st... nodes for the current kernel...
[    4.578339] systemd[1]: Starting Nameserver information manager...
         Starting Nameserver information manager...
[    4.584424] systemd[1]: Created slice User and Session Slice.
[    4.589296] Loading iSCSI transport class v2.0-870.
[[0;32m  OK  [0m] Created slice User and Session Slice.
[    4.592398] systemd[1]: Reached target Slices.
[[0;32m  OK  [0m] Reached target Slices.
[    4.596669] systemd[1]: Listening on udev Kernel Socket.
[[0;32m  OK  [0m[    4.599863] iscsi: registered transport (tcp)
] Listening on udev Kernel Socket.
[    4.601760] systemd[1]: Started Trigger resolvconf update for networkd DNS.
[[0;32m  OK  [0m] Started Trigger resolvconf update for networkd DNS.
[    4.606019] systemd[1]: Listening on Syslog Socket.
[[0;32m  OK  [0m] Listening on Syslog Socket.
[    4.612808] systemd[1]: Starting Journal Service...
         Starting Journal Service...
[    4.617234] systemd[1]: Mounted Debug File System.
[[0;32m  OK  [0m] Mounted Debug File System.
[    4.619461] systemd[1]: Mounted POSIX Message Queue File System.
[[0;32m  OK  [0m] Mounted POSIX Message Queue File System.
[    4.629101] systemd[1]: Mounted Huge Pages File System.
[[0;32m  OK  [0m] Mounted Huge Pages File System.
[    4.639723] systemd[1]: Started Uncomplicated firewall.
[[0;32m  OK  [0m] Started Uncomplicated firewall.
[    4.646502] systemd[1]: Started Remount Root and Kernel File Systems.
[[0;32m  OK  [0m] Started Remount Root and Kernel File Systems.
[    4.650299] systemd[1]: Started Set console keymap.
[[0;32m  OK  [0m] Started Set console keymap.[    4.654340] iscsi: registered transport (iser)

[    4.656538] systemd[1]: Started Load Kernel Modules.
[[0;32m  OK  [0m] Started Load Kernel Modules.
[    4.659778] systemd[1]: Started Create list of required static device nodes for the current kernel.
[[0;32m  OK  [0m] Started Create list of required sta...ce nodes for the current kernel.
[    4.672641] systemd[1]: Started Journal Service.
[[0;32m  OK  [0m] Started Journal Service.
[[0;32m  OK  [0m] Started Nameserver information manager.
[[0;32m  OK  [0m] Started LVM2 metadata daemon.
         Starting Create Static Device Nodes in /dev...
         Starting Apply Kernel Variables...
         Mounting FUSE Control File System...
[    4.739671] random: nonblocking pool is initialized
         Starting Flush Journal to Persistent Storage...
         Starting Load/Save Random Seed...
         Starting udev Coldplug all Devices...
[[0;32m  OK  [0m] Mounted FUSE Control File System.
[[0;32m  OK  [0m] Started Create Static Device Nodes in /dev.
[[0;32m  OK  [0m] Started Apply Kernel Variables.
[[0;32m  OK  [0m] Started Load/Save Random Seed.
[[0;32m  OK  [0m] Started udev Coldplug all Devices.
[[0;32m  OK  [0m] Started Flush Journal to Persistent Storage.
         Starting udev Kernel Device Manager...
[[0;32m  OK  [0m] Started udev Kernel Device Manager.
[[0;32m  OK  [0m] Started Dispatch Password Requests to Console Directory Watch.
[[0;32m  OK  [0m] Started Monitoring of LVM2 mirrors,...ng dmeventd or progress polling.
[[0;32m  OK  [0m] Reached target Local File Systems (Pre).
[[0;32m  OK  [0m] Reached target Local File Systems.
         Starting Tell Plymouth To Write Out Runtime Data...
         Starting LSB: AppArmor initialization...
         Starting Commit a transient machine-id on disk...
         Starting Initial cloud-init job (pre-networking)...
         Starting Create Volatile Files and Directories...
         Starting Set console font and keymap...
[[0;32m  OK  [0m] Started Tell Plymouth To Write Out Runtime Data.
[[0;32m  OK  [0m] Started Commit a transient machine-id on disk.
[[0;32m  OK  [0m] Started Create Volatile Files and Directories.
         Starting Update UTMP about System Boot/Shutdown...
[[0;32m  OK  [0m] Started Update UTMP about System Boot/Shutdown.
[[0;32m  OK  [0m] Found device /dev/ttyS0.
[[0;32m  OK  [0m] Listening on Load/Save RF Kill Switch Status /dev/rfkill Watch.
[[0;32m  OK  [0m] Started Set console font and keymap.
[    6.105143] cloud-init[489]: Cloud-init v. 18.5-45-g3554ffe8-0ubuntu1~16.04.1 running 'init-local' at Thu, 02 May 2019 17:28:07 +0000. Up 5.67 seconds.
[[0;32m  OK  [0m] Created slice system-getty.slice.
[[0;32m  OK  [0m] Started Initial cloud-init job (pre-networking).
[[0;32m  OK  [0m] Reached target Network (Pre).
[[0;32m  OK  [0m] Started LSB: AppArmor initialization.
         Starting Raise network interfaces...
[[0;32m  OK  [0m] Started Raise network interfaces.
[[0;32m  OK  [0m] Reached target Network.
         Starting Initial cloud-init job (metadata service crawler)...
[   10.123247] cloud-init[957]: Cloud-init v. 18.5-45-g3554ffe8-0ubuntu1~16.04.1 running 'init' at Thu, 02 May 2019 17:28:11 +0000. Up 9.67 seconds.
[   10.132438] cloud-init[957]: ci-info: ++++++++++++++++++++++++++++++++++++++Net device info+++++++++++++++++++++++++++++++++++++++
[   10.134503] cloud-init[957]: ci-info: +--------+-------+----------------------------+---------------+--------+-------------------+
[   10.140446] cloud-init[957]: ci-info: | Device |   Up  |          Address           |      Mask     | Scope  |     Hw-Address    |
[   10.148324] cloud-init[957]: ci-info: +--------+-------+----------------------------+---------------+--------+-------------------+
[   10.156684] cloud-init[957]: ci-info: | enp0s3 |  True |         10.0.2.15          | 255.255.255.0 | global | 02:6d:cd:79:6e:19 |
[[0;32m  OK  [0m] Started Initial cloud-init job (metadata service crawler).
[[0;32m  OK  [0m] Reached target Network is Online.
[   10.161210] cloud-init[957]: ci-info: | enp0s3 |  True | fe80::6d:cdff:fe79:6e19/64 |       .       |  link  | 02:6d:cd:79:6e:19 |
[   10.180295] cloud-init[957]: ci-info: | enp0s8 | False |             .              |       .       |   .    | 08:00:27:a2:51:5f |
[   10.182598] cloud-init[957]: ci-info: |   lo   |  True |         127.0.0.1          |   255.0.0.0   |  host  |         .         |
[   10.192276] cloud-init[957]: ci-info: |   lo   |  True |          ::1/128           |       .       |  host  |         .         |
         Starting iSCSI initiator daemon (iscsid)...
[[0;32m  OK  [0m] Reached target Cloud-config availability.
[[0;32m  OK  [0m] Reached target System Initialization.
[   10.199714] cloud-init[957]: ci-info: +--------+-------+----------------------------+---------------+--------+-------------------+
[   10.202376] cloud-init[957]: ci-info: +++++++++++++++++++++++++++Route IPv4 info++++++++++++++++++++++++++++
[[0;32m  OK  [0m] Started ACPI Events Check.
[[0;32m  OK  [0m] Reached target Paths.
[   10.204854]          Starting LXD - unix socket.
[[0;32m  OK  [0m] Listening on D-Bus System Message Bus Socket.
[[0;32m  OK  [0m] Started Daily apt download activities.
[[0;32m  OK  [0m] Started Daily apt upgrade and clean activities.
[[0;32m  OK  [0m] Started Daily Cleanup of Temporary Directories.cloud-init[957]: ci-info: +-------+-------------+----------+---------------+-----------+-------+
[   10.214219] cloud-init[957]: ci-info: | Route | Destination | Gateway  |    Genmask    | Interface | Flags |
[   10.216002] cloud-init[957]: ci-info: +-------+-------------+----------+---------------+-----------+-------+
[   10.217914] cloud-init[957]: ci-info: |   0   |   0.0.0.0   | 10.0.2.2 |    0.0.0.0    |   enp0s3  |   UG  |
[   10.219681] cloud-init
[[0;32m  OK  [0m] Reached target Timers.
         Starting Socket activation for snappy daemon.
[[0;32m  OK  [0m] Listening on UUID daemon activation socket.
[[0;32m  OK  [0m] Listening on ACPID Listen Socket.[957]: ci-info: |   1   |   10.0.2.0  | 0.0.0.0  | 255.255.255.0 |   enp0s3  |   U   |
[   10.225870] cloud-init[957]: ci-info: +-------+-------------+----------+---------------+-----------+-------+
[   10.227721] cloud-init
[[0;32m  OK  [0m] Listening on LXD - unix socket.
[[0;32m  OK  [0m] Listening on Socket activation for snappy daemon.
[957]: ci-info: +++++++++++++++++++Route IPv6 info+++++++++++++++++++
[   10.233871] cloud-init[957]: ci-info: +-------+-------------+---------+-----------+-------+
[   10.237977] cloud-init[957]: ci-info: | Route | Destination | Gateway | Interface | Flags |[[0;32m  OK  [0m] Reached target Sockets.
[[0;32m  OK  [0m] Reached target Basic System.
         Starting Login Service...
[
[   10.245052] cloud-init[957]: ci-info: +-------+-------------+---------+-----------+-------+
[   10.247333] cloud-init[957]: [0;32m  OK  [0m] Started D-Bus System Message Bus.
ci-info: |   0   |  fe80::/64  |    ::   |   enp0s3  |   U   |
[   10.255162] cloud-init[957]: ci-info: |   4   |   ff00::/8  |    ::   |   enp0s3  |   U   |
[   10.259920] cloud-init[957]: ci-info: +-------+-------------+---------+-----------+-------+
[   10.262981] cloud-init[957]: Generating public/private rsa key pair.
[   10.265247] cloud-init[957]: Your identification has been saved in /etc/ssh/ssh_host_rsa_key.
[   10.267587] cloud-init[957]: Your public key has been saved in /etc/ssh/ssh_host_rsa_key.pub.
[   10.270352] cloud-init[957]: The key fingerprint is:
[   10.272372] cloud-init[957]: SHA256:InbERMqXukiJKAiCAjF3T+yN4vkx2GzB5j6R40nRAXg root@ubuntu-xenial
[   10.274643] cloud-init[957]:          Starting LSB: MD monitoring daemon...
         Starting LXD - container startup/shutdown...
[[0;32m  OK  [0mThe key's randomart image is:
[   10.280813] cloud-init[957]: +---[RSA 2048]----+
[   10.281724] cloud-init[957]: |+.. .+=.         |
[   10.282704] cloud-init[957]: |oo o.*E..        |
[   10.283602] cloud-init[957]: ] Started Deferred execution scheduler.
         Starting LSB: Record successful boot for GRUB...
[[0;32m  OK  [0m] Started Regular background program processing daemon.
[[0;32m  OK  [0m] Started ACPI event daemon.
         Starting Virtualbox guest utils...
         Starting Accounts Service...
         Starting /etc/rc.local Compatibility...
[[0;32m  OK  [0m] Started FUSE filesystem for LXC.
         Starting Snappy daemon...
         Starting System Logging Service...
         Starting Pollinate to seed the pseudo random number generator...
[[0;32m  OK  [0m] Started iSCSI initiator daemon (iscsid).
[[0;32m  OK  [0m] Started /etc/rc.local Compatibility.
|=   o+*+ .       |
[[0;32m  OK  [0m] Started System Logging Service.
[   10.381719]          Starting Login to default iSCSI targets...
[[0;32m  OK  [0m] Started Login Service.
[[0;32m  OK  [0m] Started Unattended Upgrades Shutdown.
cloud-init[957]: |*. ..+B o        |
[   10.453444] cloud-init[957]: |= o.+Oo+S        |
[[0;32m  OK  [0m] Started LSB: MD monitoring daemon.
[[0;32m  OK  [0m] Started Login to default iSCSI targets.
[[0;32m  OK  [0m] Reached target Remote File Systems (Pre).
[[0;32m  OK  [0m] Reached target Remote File Systems.
         Starting LSB: automatic crash report generation...
         Starting Permit User Sessions...
[   10.474017]          Starting LSB: Set the CPU Frequency Scaling governor to "ondemand"...
         Starting LSB: daemon to balance interrupts for SMP systems...
cloud-init[[0;32m  OK  [0m] Started LSB: Record successful boot for GRUB.
[[0;32m  OK  [0m] Started Permit User Sessions.
[957]: |.. o++%.         |
         Starting Hold until boot process finishes up...
[   10.533028]          Starting Terminate Plymouth Boot Screen...
         Starting Authenticate and Authorize Users to Run Privileged Tasks...
[[0;32m  OK  [0m] Started Hold until boot process finishes up.
[[0;32m  OK  [0m] Started Terminate Plymouth Boot Screen.
cloud-init[957]: |  . .* *         |
[[0;32m  OK  [0m] Started LSB: Set the CPU Frequency Scaling governor to "ondemand".[   10.593036] cloud-init[957]: |      *          |

[[0;32m  OK  [0m] Started Getty on tty1.
[[0;32m  OK  [0m] Started Serial Getty on ttyS0.
[[0;32m  OK  [0m] Reached target Login Prompts.
         Starting Set console scheme...
[[0;32m  OK  [0m] Started Set console scheme.
[[0;32m  OK  [0m] Started Authenticate and Authorize Users to Run Privileged Tasks.
[   10.609604] cloud-init[957]: |       .         |
[[0;32m  OK  [0m] Started LSB: automatic crash report generation.
[[0;32m  OK  [0m] Started Accounts Service.
[[0;32m  OK  [0m] Started LXD - container startup/shutdown.
[[0;32m  OK  [0m] Started LSB: daemon to balance interrupts for SMP systems.
[   10.641624] cloud-init[957]: +----[SHA256]-----+
[   10.655386] cloud-init[957]: Generating public/private dsa key pair.
[   10.662618] cloud-init[957]: Your identification has been saved in /etc/ssh/ssh_host_dsa_key.
[   10.676272] cloud-init[957]: Your public key has been saved in /etc/ssh/ssh_host_dsa_key.pub.
[   10.684291] cloud-init[957]: The key fingerprint is:
[   10.685754] cloud-init[957]: SHA256:GSeMclOV1s9SzHP+SYiQzK86cky/ZLq7Ya3Mx0UAQbw root@ubuntu-xenial
[   10.695622] cloud-init[957]: The key's randomart image is:
[   10.704527] cloud-init[957]: +---[DSA 1024]----+
[   10.712313] cloud-init[957]: |      o+*.oo o   |
[[0;32m  OK  [0m] Started Virtualbox guest utils.[   10.729467] cloud-init
[957]: |       = *o . = .|
[[0;32m  OK  [0m] Started Snappy daemon.
         Starting Wait until snapd is fully seeded...
[   10.750386] cloud-init[957]: |    . + =.= .+.+ |
[   10.776885] cloud-init[957]: |     o E = +..o..|
[   10.784364] cloud-init[957]: |        S o  .. o|
[   10.789069] cloud-init[957]: |       ... .   ..|
[   10.797663] cloud-init[957]: |      oo++.      |
[   10.813818] cloud-init[957]: |     .+=*+       |
[   10.816241] cloud-init[957]: |      oO*..      |
[   10.825127] cloud-init[957]: +----[SHA256]-----+
[   10.828186] cloud-init[957]: Generating public/private ecdsa key pair.
[   10.832161] cloud-init[957]: Your identification has been saved in /etc/ssh/ssh_host_ecdsa_key.
[   10.837400] cloud-init[957]: Your public key has been saved in /etc/ssh/ssh_host_ecdsa_key.pub.
[   10.840076] cloud-init[957]: The key fingerprint is:
[   10.842288] cloud-init[957]: SHA256:k7ZeliMG3oOtsoNDEc1fxf/HUtIBP8ywGimUWATxJIs root@ubuntu-xenial
[   10.846687] cloud-init[957]: The key's randomart image is:
[   10.850753] cloud-init[957]: +---[ECDSA 256]---+
[   10.853364] cloud-init[957]: |   o   +*Bo  o.  |
[   10.855750] cloud-init[957]: |  . o ..B.. . *. |
[   10.860214] cloud-init[957]: |   . E o o + . *.|
[   10.863114] cloud-init[957]: |  .   .  .. + . +|
[   10.866034] cloud-init[957]: |   .  . S  . . + |
[   10.871002] cloud-init[957]: |  .  . * o .  o o|
[   10.872299] cloud-init[957]: | . .  o B =    o |
[   10.874918] cloud-init[957]: |  o o  + = .     |
[   10.877048] cloud-init[957]: |   ..+. .        |
[   10.879553] cloud-init[957]: +----[SHA256]-----+
[   10.887235] cloud-init[957]: Generating public/private ed25519 key pair.
[   10.889689] cloud-init[957]: Your identification has been saved in /etc/ssh/ssh_host_ed25519_key.
[   10.893166] cloud-init[957]: Your public key has been saved in /etc/ssh/ssh_host_ed25519_key.pub.
[   10.898590] cloud-init[957]: The key fingerprint is:
[   10.901183] cloud-init[957]: SHA256:GnHTwCaPxLClqQLuHZtSHv82NQqIyh3QVNgir+MyUws root@ubuntu-xenial
[   10.904828] cloud-init[957]: The key's randomart image is:
[   10.907216] cloud-init[957]: +--[ED25519 256]--+
[   10.913668] cloud-init[957]: |    =+...        |
[   10.915510] cloud-init[957]: | . + *+ oo       |
[   10.917687] cloud-init[957]: |. = =..=o .      |
[   10.919641] cloud-init[957]: |o. +  .o..       |
[   10.921195] cloud-init[957]: |..=+. . S        |
[   10.923142] cloud-init[957]: |E==o*. o o       |
[   10.925213] cloud-init[957]: |+=o*..o o .      |
[   10.926849] cloud-init[957]: |=oo.  .+         |
[   10.929516] cloud-init[957]: |.o    ...        |
[   10.932294] cloud-init[957]: +----[SHA256]-----+
[[0;32m  OK  [0m] Started Pollinate to seed the pseudo random number generator.
         Starting OpenBSD Secure Shell server...
[[0;32m  OK  [0m] Started OpenBSD Secure Shell server.
[[0;32m  OK  [0m] Created slice User Slice of vagrant.
         Starting User Manager for UID 1000...
[[0;32m  OK  [0m] Started Session 1 of user vagrant.
[[0;32m  OK  [0m] Started User Manager for UID 1000.
[[0;32m  OK  [0m] Started Session 2 of user vagrant.
         Starting Hostname Service...
[[0;32m  OK  [0m] Started Hostname Service.

Ubuntu 16.04.6 LTS ubuntu-xenial ttyS0

ubuntu-xenial login: [   17.090492] cloud-init[1599]: Generating locales (this might take a while)...
[   17.635632] cloud-init[1599]:   en_US.UTF-8... done
[   17.636820] cloud-init[1599]: Generation complete.
[   17.838472] cloud-init[1599]: Cloud-init v. 18.5-45-g3554ffe8-0ubuntu1~16.04.1 running 'modules:config' at Thu, 02 May 2019 17:28:18 +0000. Up 17.02 seconds.
ci-info: no authorized ssh keys fingerprints found for user ubuntu.
<14>May  2 17:28:20 ec2: 
<14>May  2 17:28:20 ec2: #############################################################
<14>May  2 17:28:20 ec2: -----BEGIN SSH HOST KEY FINGERPRINTS-----
<14>May  2 17:28:20 ec2: 1024 SHA256:GSeMclOV1s9SzHP+SYiQzK86cky/ZLq7Ya3Mx0UAQbw root@ubuntu-xenial (DSA)
<14>May  2 17:28:20 ec2: 256 SHA256:k7ZeliMG3oOtsoNDEc1fxf/HUtIBP8ywGimUWATxJIs root@ubuntu-xenial (ECDSA)
<14>May  2 17:28:20 ec2: 256 SHA256:GnHTwCaPxLClqQLuHZtSHv82NQqIyh3QVNgir+MyUws root@ubuntu-xenial (ED25519)
<14>May  2 17:28:20 ec2: 2048 SHA256:InbERMqXukiJKAiCAjF3T+yN4vkx2GzB5j6R40nRAXg root@ubuntu-xenial (RSA)
<14>May  2 17:28:20 ec2: -----END SSH HOST KEY FINGERPRINTS-----
<14>May  2 17:28:20 ec2: #############################################################
-----BEGIN SSH HOST KEY KEYS-----
ecdsa-sha2-nistp256 AAAAE2VjZHNhLXNoYTItbmlzdHAyNTYAAAAIbmlzdHAyNTYAAABBBOBWpYEiH8h4dAxduE6cC7dS1TJ/EhSF2VPsoWZ4ttJ4NrKHYlBnhRuf3KMYpOTuEQS/2gcnod8QF2R6pUzXIdo= root@ubuntu-xenial
ssh-ed25519 AAAAC3NzaC1lZDI1NTE5AAAAIFF9EQiK5my4H4Sm6U4rw+i68VdZ3KkjJvmalmr8Fj40 root@ubuntu-xenial
ssh-rsa AAAAB3NzaC1yc2EAAAADAQABAAABAQDEZZXDoHzX5ErmVIXkOkW1IC/95CLNPI7SOavzcD64xFoVBBfoApvW/fSVGw0n7z0fK4U7BChKByDCLjiku39dlzP92DG2r+RAMvYKLgzSpfryWadp7XIAoVOmyj+3misGY8CiRunQwU5vdbQK/bZOd6HHsf9kSInuBZ9APS1l1Z0otkxkI7PzP73dHWi0Pxnv+yop6TdTq7brQC6LhjQqNriEPkHwUxBIJx2+h4hlQN7n5hMt3dKQhlkkh5V3hCtBqlU/C1pjwM75oC3kF5DrKvpFZt6gRgfcoB3IYHYP1l0fIKEhXiHTKX4EgCdoY/C260In0UA3g6w2VTSN+5Oz root@ubuntu-xenial
-----END SSH HOST KEY KEYS-----
[   18.143219] cloud-init[1641]: Cloud-init v. 18.5-45-g3554ffe8-0ubuntu1~16.04.1 running 'modules:final' at Thu, 02 May 2019 17:28:19 +0000. Up 18.04 seconds.
[   18.145956] cloud-init[1641]: ci-info: no authorized ssh keys fingerprints found for user ubuntu.
[   18.152072] cloud-init[1641]: Cloud-init v. 18.5-45-g3554ffe8-0ubuntu1~16.04.1 finished at Thu, 02 May 2019 17:28:20 +0000. Datasource DataSourceNoCloud [seed=/dev/sdb][dsmode=net].  Up 18.13 seconds
